
SQL*Loader: Release 21.0.0.0.0 - Production on Sun Dec 25 22:02:13 2022
Version 21.3.0.0.0

Copyright (c) 1982, 2021, Oracle and/or its affiliates.  All rights reserved.

Control File:   sqlldr/payment.ctl
Data File:      dataGenerator/generatedData/payment.csv
  Bad File:     sqlldr/bads/payment.bad
  Discard File:  none specified
 
 (Allow all discards)

Number to load: ALL
Number to skip: 0
Errors allowed: 50
Bind array:     250 rows, maximum of 1048576 bytes
Continuation:    none specified
Path used:      Conventional

Table PAYMENT, loaded from every logical record.
Insert option in effect for this table: REPLACE
TRAILING NULLCOLS option in effect

   Column Name                  Position   Len  Term Encl Datatype
------------------------------ ---------- ----- ---- ---- ---------------------
PAYMENT_ID                          FIRST     *   ,  O(") CHARACTER            
PAYMENT_TYPE                         NEXT     *   ,  O(") CHARACTER            
PAYMENT_AMOUNT                       NEXT     *   ,  O(") CHARACTER            
PAYMENT_DATE                         NEXT     *   ,  O(") DATE yyyy-mm-dd      

Record 1: Rejected - Error on table PAYMENT, column PAYMENT_ID.
ORA-01722: invalid number


Table PAYMENT:
  10000 Rows successfully loaded.
  1 Row not loaded due to data errors.
  0 Rows not loaded because all WHEN clauses were failed.
  0 Rows not loaded because all fields were null.


Space allocated for bind array:                 258000 bytes(250 rows)
Read   buffer bytes: 1048576

Total logical records skipped:          0
Total logical records read:         10001
Total logical records rejected:         1
Total logical records discarded:        0

Run began on Sun Dec 25 22:02:13 2022
Run ended on Sun Dec 25 22:02:13 2022

Elapsed time was:     00:00:00.25
CPU time was:         00:00:00.13
